============================= test session starts ==============================
platform darwin -- Python 3.12.0, pytest-8.4.1, pluggy-1.6.0 -- /Users/Remi/.pyenv/versions/3.12.0/bin/python3.12
cachedir: .pytest_cache
rootdir: /Users/Remi/Documents/job_wizard/services/backend
configfile: pyproject.toml
plugins: anyio-4.9.0, cov-6.2.1, logfire-4.19.0, asyncio-1.0.0, respx-0.23.1
asyncio: mode=Mode.AUTO, asyncio_default_fixture_loop_scope=None, asyncio_default_test_loop_scope=function
collecting ... collected 1 item

tests/integration/test_three_way_race.py::test_three_way_race
✅ Three agents initialized:
   1. Local: google/gemma-4-E2B-it
   2. Remote 1 (groq): llama-3.3-70b-versatile
   3. Remote 2 (groq): openai/gpt-oss-120b
04:28:29.993 Generate Cover Letter start
04:28:29.993 Starting generation race
04:28:29.996 PubSub Notify: generating
04:28:30.023 Agent Generation: Ollama (google/gemma-4-E2B-it)
04:28:30.026 Agent Generation: Groq (llama-3.3-70b-versatile)
04:28:30.027 Agent Generation: Groq (openai/gpt-oss-120b)
04:28:30.102 Model failed
04:28:30.102 Model-specific error (no provider failover)
04:28:30.332 Model failed
04:28:30.337 Groq provider issue ([Scrubbed due to 'API Key']), failover to OpenRouter
04:28:30.340 Provider Rate Limit: groq
04:28:30.340   Rate limit reported for Groq
04:28:30.353 Model failed
04:28:30.354 Groq provider issue ([Scrubbed due to 'API Key']), failover to OpenRouter
04:28:30.354 Provider Rate Limit: groq
04:28:30.354   Rate limit reported for Groq
04:28:30.355 Retrying with new provider
04:28:30.355 Starting generation race
04:28:30.356 PubSub Notify: generating
04:28:30.380 Agent Generation: Ollama (google/gemma-4-E2B-it)
04:28:30.381 Agent Generation: Openrouter (arcee-ai/trinity-mini:free)
04:28:30.381 Agent Generation: Openrouter (qwen/qwen3-next-80b-a3b-instruct:free)
04:28:30.387 Model failed
04:28:30.387 Model-specific error (no provider failover)
04:28:30.563 Model failed
04:28:30.563 Provider Rate Limit: openrouter
04:28:30.563   OpenRouter (Secondary) also reported rate limit!
04:28:30.565 Model failed
04:28:30.565 Provider Rate Limit: openrouter
04:28:30.565   OpenRouter (Secondary) also reported rate limit!
04:28:30.566 All models failed
FAILED

=================================== FAILURES ===================================
_____________________________ test_three_way_race ______________________________

    @pytest.mark.asyncio
    async def test_three_way_race():
        """Test that all three models participate in the race"""
        service = LLMService()

        # Verify all three agents are initialized
        assert service.local_writer is not None, "Local writer should be initialized"
        # Verify local agent is initialized
        assert service.local_writer is not None, "Local writer should be initialized"

        # Remote writers are now dynamic, so they start as None
        assert service.remote_writer is None
        assert service.remote_writer_2 is None

        print("\n✅ Three agents initialized:")
        print(f"   1. Local: {service.ollama_model_name}")

        config = service.provider_service.get_provider_config()
        print(f"   2. Remote 1 ({config['name']}): {config['model_1']}")
        print(f"   3. Remote 2 ({config['name']}): {config['model_2']}")

        # Test actual race
>       result, winner, alt_id = await service.generate_cover_letter(
            job_description="We are looking for a Python developer",
            job_title="Python Developer",
            company="Test Company",
            requirements=["Python", "FastAPI", "Docker"],
            job_id="test-job-id-123",
            user_name="Test User",
            user_skills="Python, FastAPI, Docker, PostgreSQL",
        )

tests/integration/test_three_way_race.py:32:
_ _ _ _ _ _ _ _ _ _ _ _ _ _ _ _ _ _ _ _ _ _ _ _ _ _ _ _ _ _ _ _ _ _ _ _ _ _ _ _

self = <app.services.cover_letter.llm_service.LLMService object at 0x12a0cf590>
job_description = 'We are looking for a Python developer'
job_title = 'Python Developer', company = 'Test Company'
requirements = ['Python', 'FastAPI', 'Docker'], job_id = 'test-job-id-123'
user_name = 'Test User', user_skills = 'Python, FastAPI, Docker, PostgreSQL'
context_text = None, custom_instructions = None, language = 'english'

        async def generate_cover_letter(
            self,
            job_description: str,
            job_title: str,
            company: str,
            requirements: list[str],
            job_id: str,  # Required for tracking
            user_name: str = "",
            user_skills: str = "",
            context_text: Optional[str] = None,
            custom_instructions: Optional[str] = None,
            language: str = "english",
        ) -> tuple[str, str, str]:
            """
            Generate cover letter with race mode (Local vs Remote)
            """
            logfire.info("Generate Cover Letter start", job_id=job_id)
            logger = logging.getLogger("app.services.cover_letter.llm_service")

            # Build optimized prompt (concise for speed)
            req_list = ", ".join(requirements[:5]) if requirements else "See description"

            # Language-specific instructions
            is_german = language.lower() == "german"
            is_french = language.lower() == "french"
            is_spanish = language.lower() == "spanish"

            if is_german:
                lang_block = """
    LANGUAGE: Write the ENTIRE letter in German (Deutsch).
    - Use formal German throughout.
    - Salutation: "Sehr geehrte Damen und Herren," (or personalized if recipient name is known).
    - Do NOT write in English. Every word must be in German.
    - Tone: Formal, structured, professional (Bewerbungsschreiben standard)."""
                STANDARD_SIGNATURE = "\n\nMit freundlichen Grüßen\n\n[Ihr Name]"
                salutation_hint = (
                    '"Sehr geehrte/r [Name]," (or "Sehr geehrte Damen und Herren,")'
                )
            elif is_french:
                lang_block = """
    LANGUAGE: Write the ENTIRE letter in French (Français).
    - Use formal French ("vouvoiement") throughout.
    - Salutation: "Madame, Monsieur,".
    - Do NOT write in English. Every word must be in French.
    - Structure: Follow the "Vous, Moi, Nous" standard for French cover letters.
    - Tone: Professional, motivated, and formal (Lettre de Motivation)."""
                STANDARD_SIGNATURE = "\n\nCordialement,\n\n[Votre Nom]"
                salutation_hint = '"Madame, Monsieur,"'
            elif is_spanish:
                lang_block = """
    LANGUAGE: Write the ENTIRE letter in Spanish (Español).
    - Use formal Spanish throughout.
    - Salutation: "A quien corresponda,".
    - Do NOT write in English. Every word must be in Spanish.
    - Tone: Professional, formal, and persuasive (Carta de Presentación standard)."""
                STANDARD_SIGNATURE = "\n\nUn cordial saludo,\n\n[Su nombre]"
                salutation_hint = '"A quien corresponda,"'
            else:
                lang_block = "\nLANGUAGE: Write in British English."
                STANDARD_SIGNATURE = "\n\nSincerely,\n\n[Your Name]"
                salutation_hint = '"Dear Hiring Manager," (or similar)'

            # Shared base instructions
            base_prompt = f"""Write a professional cover letter applying to {company} as {job_title}.
    {lang_block}

    IMPORTANT INSTRUCTIONS:
    1. OUTPUT BODY ONLY. Do NOT include a header, address block, date, or contact info.
    2. Start directly with {salutation_hint}.
    3. Do NOT include a signature. I will add this programmatically.
    4. Do NOT include your name or any placeholders like "[Your Name]" or "[Date]".
    5. Keep the letter between 200 and 400 words.
    6. Maintain a formal, business-appropriate tone.

    Key requirements: {req_list}
    Candidate skills: {user_skills}

    CUSTOM USER GUIDANCE:
    {custom_instructions if custom_instructions else 'None provided.'}
    """
            # Remote prompt gets more context
            prompt = base_prompt
            if context_text:
                prompt += f"\nCandidate background:\n{context_text[:1500]}"

            # Local prompt gets reduced context
            local_prompt = base_prompt
            if context_text:
                local_context = context_text[:500]
                local_prompt += f"\nCandidate background:\n{local_context}"

            # Retry loop for failover
            max_retries = 1
            attempt = 0

            while attempt <= max_retries:
                attempt += 1

                # Get active provider configuration
                remote_config = self.provider_service.get_provider_config()
                self.current_provider_name = remote_config["name"]

                logfire.info(
                    "Starting generation race",
                    model_local=self.ollama_model_name,
                    active_provider=self.current_provider_name,
                    model_remote_1=remote_config["model_1"],
                    model_remote_2=remote_config["model_2"],
                    attempt=attempt,
                )

                # Only log attempt if it's a retry
                retry_msg = f" (Attempt {attempt})" if attempt > 1 else ""
                logger.info(
                    f"Starting generic race with local={self.ollama_model_name} and remote_provider={self.current_provider_name}{retry_msg}"
                )

                # Notify: Race started
                await pubsub_manager.notify(
                    {
                        "job_id": job_id,
                        "status": "generating",
                        "message": f"Starting generation race using {self.current_provider_name}...",
                        "provider": self.current_provider_name,
                    }
                )

                race_start = time.perf_counter()
                tasks = []
                task_start_times = {}

                # Helper to wrap agent run with source info
                async def run_agent(agent, p, name):
                    with logfire.span(
                        "Agent Generation: {source}", source=name
                    ) as agent_span:
                        res = await agent.run(p)

                        # Capture token usage
                        usage = res.usage()
                        agent_span.set_attribute("request_tokens", usage.request_tokens)
                        agent_span.set_attribute("response_tokens", usage.response_tokens)
                        agent_span.set_attribute("total_tokens", usage.total_tokens)

                        # Post-process: Aggressive cleaning using heuristic cleaner
                        clean_text = LLMService.clean_model_output(res.output)

                        # Append standard signature
                        final_text = f"{clean_text}{STANDARD_SIGNATURE}"

                        # Replace name placeholder
                        display_name = user_name if user_name else "[Your Name]"
                        final_text = (
                            final_text.replace("[Your Name]", display_name)
                            .replace("[Ihr Name]", display_name)
                            .replace("[Votre Nom]", display_name)
                            .replace("[Su nombre]", display_name)
                        )

                        usage_dict = (
                            {
                                "request_tokens": usage.request_tokens,
                                "response_tokens": usage.response_tokens,
                                "total_tokens": usage.total_tokens,
                            }
                            if usage
                            else None
                        )

                        return {"output": final_text, "source": name, "usage": usage_dict}

                # Task 1: Logic to prefer Local but Failover if Busy

                # Application-level throttling for Local Ollama
                # We allow 2 concurrent requests to match OLLAMA_NUM_PARALLEL in docker-compose
                if not hasattr(self, "ollama_semaphore"):
                    self.ollama_semaphore = asyncio.Semaphore(2)

                # Check if local is busy
                if self.ollama_semaphore.locked():
                    # Local is busy (2 slots taken).
                    # User requested IMMEDIATE failover to cloud.
                    logfire.warn(
                        "Local model busy (2/2 active). Failover to cloud immediately."
                    )
                    logger.warning("Local model busy. Skipping local generation task.")

                    # We simply don't start the local task.
                    # The code below will ensure at least one remote task is started.
                    # If no remote is configured, we must raise an error here or let the empty task list raise it.

                    # Check if we have remote config
                    remote_config = self.provider_service.get_provider_config()
                    if not remote_config or not remote_config.get("api_key"):
                        raise Exception(
                            "System is currently busy (Local capacity full) and no Cloud provider is configured for failover."
                        )

                else:
                    # Local slot available, start local task wrapped in semaphore
                    async def run_local_with_semaphore():
                        async with self.ollama_semaphore:
                            return await run_agent(
                                self.local_writer,
                                local_prompt,
                                f"Ollama ({self.ollama_model_name})",
                            )

                    local_task = asyncio.create_task(
                        run_local_with_semaphore(),
                        name=f"Ollama ({self.ollama_model_name})",
                    )
                    task_start_times[id(local_task)] = time.perf_counter()
                    tasks.append(local_task)

                # Create Remote Agents dynamically
                try:
                    # Remote Agent 1
                    remote_writer = create_writing_agent(
                        model_name=remote_config["model_1"],
                        is_remote=True,
                        provider_config=remote_config,
                    )
                    remote_task = asyncio.create_task(
                        run_agent(
                            remote_writer,
                            prompt,
                            f"{self.current_provider_name.title()} ({remote_config['model_1']})",
                        ),
                        name=f"{self.current_provider_name.title()} ({remote_config['model_1']})",
                    )
                    task_start_times[id(remote_task)] = time.perf_counter()
                    tasks.append(remote_task)

                    # Remote Agent 2
                    remote_writer_2 = create_writing_agent(
                        model_name=remote_config["model_2"],
                        is_remote=True,
                        provider_config=remote_config,
                    )
                    remote_task_2 = asyncio.create_task(
                        run_agent(
                            remote_writer_2,
                            prompt,
                            f"{self.current_provider_name.title()} ({remote_config['model_2']})",
                        ),
                        name=f"{self.current_provider_name.title()} ({remote_config['model_2']})",
                    )
                    task_start_times[id(remote_task_2)] = time.perf_counter()
                    tasks.append(remote_task_2)

                except Exception as e:
                    logger.error(f"Failed to create remote agents: {e}")

                # NVIDIA participant — always races if API key is configured
                try:
                    nvidia_config = self.provider_service.get_nvidia_config()
                    if nvidia_config:
                        nvidia_writer = create_writing_agent(
                            model_name=nvidia_config["model_1"],
                            is_remote=True,
                            provider_config=nvidia_config,
                        )
                        nvidia_task = asyncio.create_task(
                            run_agent(
                                nvidia_writer,
                                prompt,
                                f"Nvidia ({nvidia_config['model_1']})",
                            ),
                            name=f"Nvidia ({nvidia_config['model_1']})",
                        )
                        task_start_times[id(nvidia_task)] = time.perf_counter()
                        tasks.append(nvidia_task)
                        logger.info(
                            f"NVIDIA participant 1 added: {nvidia_config['model_1']}"
                        )

                        if nvidia_config.get("model_2"):
                            nvidia_writer_2 = create_writing_agent(
                                model_name=nvidia_config["model_2"],
                                is_remote=True,
                                provider_config=nvidia_config,
                            )
                            nvidia_task_2 = asyncio.create_task(
                                run_agent(
                                    nvidia_writer_2,
                                    prompt,
                                    f"Nvidia ({nvidia_config['model_2']})",
                                ),
                                name=f"Nvidia ({nvidia_config['model_2']})",
                            )
                            task_start_times[id(nvidia_task_2)] = time.perf_counter()
                            tasks.append(nvidia_task_2)
                            logger.info(
                                f"NVIDIA participant 2 added: {nvidia_config['model_2']}"
                            )
                except Exception as e:
                    logger.error(f"Failed to create NVIDIA agent: {e}")

                if not tasks:
                    raise Exception("No generation agents available")

                race_duration = 0.0

                winner_text = None
                winner_source = None
                failed_attempts = []
                finished_alternatives = []  # To store successes that weren't the winner (if any)

                # Race loop
                should_break_race = False

                while tasks:
                    # Wait for the next one to complete
                    elapsed = time.perf_counter() - race_start
                    remaining = 60.0 - elapsed

                    if remaining <= 0:
                        logger.warning("Generation race timed out after 60s")
                        break

                    done, pending = await asyncio.wait(
                        tasks, return_when=asyncio.FIRST_COMPLETED, timeout=remaining
                    )

                    if not done:
                        # Timeout hit during wait
                        logger.warning("Generation race timed out during wait")
                        break

                    for task in done:
                        try:
                            result = await task
                            if not winner_text:
                                # We have our first winner!
                                winner_text = result["output"]
                                winner_source = result["source"]
                                winner_duration = (
                                    time.perf_counter() - task_start_times[id(task)]
                                )
                                race_duration = time.perf_counter() - race_start
                                logfire.info(
                                    "Race won",
                                    winner=winner_source,
                                    winner_duration_seconds=round(winner_duration, 2),
                                    race_duration_seconds=round(race_duration, 2),
                                    failed_attempts=len(failed_attempts),
                                    usage=result.get("usage"),
                                )
                                logger.info(
                                    f"Race won by {winner_source} in {winner_duration:.2f}s"
                                )
                            else:
                                # Already have a winner, this is an alternative
                                finished_alternatives.append(
                                    {
                                        "text": result["output"],
                                        "source": result["source"],
                                        "status": "completed",
                                        "usage": result.get("usage"),
                                    }
                                )

                        except Exception as e:
                            failed_source = task.get_name()
                            failed_attempts.append(
                                {"source": failed_source, "error": str(e)}
                            )
                            logger.warning(f"Model failed: {failed_source} - {e}")
                            logfire.warning(
                                "Model failed", source=failed_source, error=str(e)
                            )

                            # Classify the error to decide if provider failover is needed
                            error_str = str(e).lower()
                            is_rate_limit = "429" in error_str or "rate limit" in error_str
                            is_server_error = (
                                "502" in error_str
                                or "503" in error_str
                                or "server error" in error_str
                            )
                            is_model_error = (
                                "404" in error_str
                                or "not found" in error_str
                                or "deprecated" in error_str
                                or "invalid model" in error_str
                                or "does not exist" in error_str
                            )
                            is_auth_error = (
                                "401" in error_str
                                or "unauthorized" in error_str
                                or "403" in error_str
                            )

                            # Only trigger provider failover for rate limits or server-wide outages.
                            # Model-specific errors (deprecated, not found) should NOT poison the
                            # entire provider — other models on the same provider may still work.
                            if is_rate_limit or is_server_error or is_auth_error:
                                if self.current_provider_name == "groq":
                                    logfire.warning(
                                        f"Groq provider issue ({e}), failover to OpenRouter"
                                    )
                                    self.provider_service.report_rate_limit("groq")
                                elif self.current_provider_name == "openrouter":
                                    self.provider_service.report_rate_limit("openrouter")
                            elif is_model_error:
                                logfire.warning(
                                    "Model-specific error (no provider failover)",
                                    source=failed_source,
                                    error=str(e),
                                )

                    if winner_text or should_break_race:
                        break
                    else:
                        tasks = list(pending)

                # End of race loop for this attempt

                if winner_text:
                    # Success! Return result
                    # Handle Alternatives

                    alt_id = str(uuid.uuid4())
                    current_alts = []
                    for alt in finished_alternatives:
                        current_alts.append(alt)
                    for fail in failed_attempts:
                        if not any(a["source"] == fail["source"] for a in current_alts):
                            current_alts.append(
                                {
                                    "text": f"Generation failed: {fail['error']}",
                                    "source": fail["source"],
                                    "status": "failed",
                                }
                            )

                    self.alternatives_store[alt_id] = {
                        "status": "pending" if pending else "completed",
                        "alternatives": current_alts,
                    }

                    if pending:
                        # Notify: Primary ready, processing alternatives
                        await pubsub_manager.notify(
                            {
                                "job_id": job_id,
                                "status": "partial",
                                "message": "Primary letter ready. Processing alternatives...",
                                "winner": winner_source,
                                "text": winner_text,
                                "source": winner_source,
                                "alternative_id": alt_id,
                            }
                        )

                        task = asyncio.create_task(
                            self._process_alternatives(
                                pending, alt_id, job_id, task_start_times
                            )
                        )
                        self.background_tasks.add(task)
                        task.add_done_callback(self.background_tasks.discard)

                    else:
                        # Notify: All completed immediately
                        await pubsub_manager.notify(
                            {
                                "job_id": job_id,
                                "status": "completed",
                                "message": "Generation complete!",
                                "winner": winner_source,
                                "text": winner_text,
                                "source": winner_source,
                                "alternative_id": alt_id,
                                "alternatives": current_alts,
                            }
                        )

                    return winner_text, winner_source, alt_id

                # If no winner, checks for retry condition
                # Check if provider has changed during the race (due to reporting rate limit)
                new_config = self.provider_service.get_provider_config()
                if (
                    new_config["name"] != self.current_provider_name
                    and attempt <= max_retries
                ):
                    logger.warning(
                        f"Provider failover triggered (from {self.current_provider_name} to {new_config['name']}). Retrying generation..."
                    )
                    logfire.info("Retrying with new provider", attempts_made=attempt)

                    # Cancel pending tasks from this failed attempt to free resources and avoid hanging
                    for t in tasks:
                        t.cancel()

                    continue  # Retry loop

                # If we are here, we failed and strictly no retry condition met or max retries exceeded
                error_summary = "; ".join(
                    [f"{f['source']}: {f['error']}" for f in failed_attempts]
                )
                logfire.error("All models failed", failures=failed_attempts)
                if attempt > max_retries:
>                   raise Exception(
                        f"All models failed after {attempt} attempts. Errors: {error_summary}"
                    )
E                   Exception: All models failed after 2 attempts. Errors: Ollama (google/gemma-4-E2B-it): status_code: 404, model_name: google/gemma-4-E2B-it, body: {'message': "model 'google/gemma-4-E2B-it' not found", 'type': 'not_found_error', 'param': None, 'code': None}; Openrouter (arcee-ai/trinity-mini:free): status_code: 401, model_name: arcee-ai/trinity-mini:free, body: {'message': 'No cookie auth credentials found', 'code': 401}; Openrouter (qwen/qwen3-next-80b-a3b-instruct:free): status_code: 401, model_name: qwen/qwen3-next-80b-a3b-instruct:free, body: {'message': 'No cookie auth credentials found', 'code': 401}

app/services/cover_letter/llm_service.py:674: Exception
------------------------------ Captured log call -------------------------------
WARNING  app.services.cover_letter.llm_service:llm_service.py:537 Model failed: Ollama (google/gemma-4-E2B-it) - status_code: 404, model_name: google/gemma-4-E2B-it, body: {'message': "model 'google/gemma-4-E2B-it' not found", 'type': 'not_found_error', 'param': None, 'code': None}
WARNING  app.services.cover_letter.llm_service:llm_service.py:537 Model failed: Groq (llama-3.3-70b-versatile) - status_code: 401, model_name: llama-3.3-70b-versatile, body: {'message': 'Invalid API Key', 'type': 'invalid_request_error', 'code': 'invalid_api_key'}
WARNING  app.services.cover_letter.llm_service:llm_service.py:537 Model failed: Groq (openai/gpt-oss-120b) - status_code: 401, model_name: openai/gpt-oss-120b, body: {'message': 'Invalid API Key', 'type': 'invalid_request_error', 'code': 'invalid_api_key'}
WARNING  app.services.cover_letter.llm_service:llm_service.py:657 Provider failover triggered (from groq to openrouter). Retrying generation...
WARNING  app.services.cover_letter.llm_service:llm_service.py:537 Model failed: Ollama (google/gemma-4-E2B-it) - status_code: 404, model_name: google/gemma-4-E2B-it, body: {'message': "model 'google/gemma-4-E2B-it' not found", 'type': 'not_found_error', 'param': None, 'code': None}
WARNING  app.services.cover_letter.llm_service:llm_service.py:537 Model failed: Openrouter (arcee-ai/trinity-mini:free) - status_code: 401, model_name: arcee-ai/trinity-mini:free, body: {'message': 'No cookie auth credentials found', 'code': 401}
WARNING  app.services.cover_letter.llm_service:llm_service.py:537 Model failed: Openrouter (qwen/qwen3-next-80b-a3b-instruct:free) - status_code: 401, model_name: qwen/qwen3-next-80b-a3b-instruct:free, body: {'message': 'No cookie auth credentials found', 'code': 401}
=============================== warnings summary ===============================
../../../../.pyenv/versions/3.12.0/lib/python3.12/site-packages/passlib/utils/__init__.py:854
  /Users/Remi/.pyenv/versions/3.12.0/lib/python3.12/site-packages/passlib/utils/__init__.py:854: DeprecationWarning: 'crypt' is deprecated and slated for removal in Python 3.13
    from crypt import crypt as _crypt

../../../../.pyenv/versions/3.12.0/lib/python3.12/site-packages/llama_parse/__init__.py:2
  /Users/Remi/.pyenv/versions/3.12.0/lib/python3.12/site-packages/llama_parse/__init__.py:2: DeprecationWarning: This package (llama-cloud-services) is deprecated and will be maintained until May 1, 2026. Please migrate to the new package: pip install llama-cloud>=1.0 (https://github.com/run-llama/llama-cloud-py). The new package provides the same functionality with improved performance and support.
    from llama_cloud_services.parse import (  # type: ignore[attr-defined]

app/services/cv_refresh/cv_parsers/cv_parser_service.py:8
  /Users/Remi/Documents/job_wizard/services/backend/app/services/cv_refresh/cv_parsers/cv_parser_service.py:8: DeprecationWarning: The 'llama-parse' package is deprecated and will no longer receive updates. Please migrate to the new unified SDK. See https://developers.llamaindex.ai/python/cloud/llamaparse/getting_started/ and https://github.com/run-llama/llama-cloud-py/blob/main/README.md for migration instructions.
    from llama_parse import LlamaParse

tests/integration/test_three_way_race.py::test_three_way_race
tests/integration/test_three_way_race.py::test_three_way_race
  /Users/Remi/Documents/job_wizard/services/backend/app/core/pubsub.py:139: DeprecationWarning: datetime.datetime.utcnow() is deprecated and scheduled for removal in a future version. Use timezone-aware objects to represent datetimes in UTC: datetime.datetime.now(datetime.UTC).
    job_status.updated_at = datetime.utcnow()

-- Docs: https://docs.pytest.org/en/stable/how-to/capture-warnings.html
=========================== short test summary info ============================
FAILED tests/integration/test_three_way_race.py::test_three_way_race - Except...
======================== 1 failed, 5 warnings in 0.73s =========================
